[debug] [2023-05-19T12:10:41.391Z] ----------------------------------------------------------------------
[debug] [2023-05-19T12:10:41.392Z] Command:       /usr/local/bin/firebase /Users/robertkopricanec/.cache/firebase/tools/lib/node_modules/firebase-tools/lib/bin/firebase init
[debug] [2023-05-19T12:10:41.393Z] CLI Version:   12.0.1
[debug] [2023-05-19T12:10:41.393Z] Platform:      darwin
[debug] [2023-05-19T12:10:41.393Z] Node Version:  v16.16.0
[debug] [2023-05-19T12:10:41.395Z] Time:          Fri May 19 2023 14:10:41 GMT+0200 (GMT+02:00)
[debug] [2023-05-19T12:10:41.395Z] ----------------------------------------------------------------------
[debug] 
[debug] [2023-05-19T12:10:41.405Z] > command requires scopes: ["email","openid","https://www.googleapis.com/auth/cloudplatformprojects.readonly","https://www.googleapis.com/auth/firebase","https://www.googleapis.com/auth/cloud-platform"]
[debug] [2023-05-19T12:10:41.406Z] > authorizing via signed-in user (vuledruid1997@gmail.com)
[info] 
     ######## #### ########  ######## ########     ###     ######  ########
     ##        ##  ##     ## ##       ##     ##  ##   ##  ##       ##
     ######    ##  ########  ######   ########  #########  ######  ######
     ##        ##  ##    ##  ##       ##     ## ##     ##       ## ##
     ##       #### ##     ## ######## ########  ##     ##  ######  ########

You're about to initialize a Firebase project in this directory:

  /Users/robertkopricanec/Desktop/trzrtz

[info] 
=== Project Setup
[info] 
[info] First, let's associate this project directory with a Firebase project.
[info] You can create multiple project aliases by running firebase use --add, 
[info] but for now we'll just set up a default project.
[info] 
[debug] [2023-05-19T12:11:39.388Z] >>> [apiv2][query] GET https://firebase.googleapis.com/v1beta1/projects pageSize=100
[debug] [2023-05-19T12:11:40.004Z] <<< [apiv2][status] GET https://firebase.googleapis.com/v1beta1/projects 200
[debug] [2023-05-19T12:11:40.009Z] <<< [apiv2][body] GET https://firebase.googleapis.com/v1beta1/projects [omitted]
[info] i  Using project react-project-firstproject (react-project-FirstProject) 
[info] 
=== Hosting Setup
[info] 
[info] Your public directory is the folder (relative to your project directory) that
[info] will contain Hosting assets to be uploaded with firebase deploy. If you
[info] have a build process for your assets, use your build's output directory.
[info] 
[info] ✔  Wrote public/404.html 
[debug] [2023-05-19T12:13:24.745Z] >>> [apiv2][query] GET https://www.gstatic.com/firebasejs/releases.json [none]
[debug] [2023-05-19T12:13:24.934Z] <<< [apiv2][status] GET https://www.gstatic.com/firebasejs/releases.json 200
[debug] [2023-05-19T12:13:24.935Z] <<< [apiv2][body] GET https://www.gstatic.com/firebasejs/releases.json {"current":{"version":"9.22.0","browserURL":"https://www.gstatic.com/firebasejs/9.22.0/firebase.js","packageURL":"https://www.gstatic.com/firebasejs/9.22.0/firebase.tgz"},"live":{"version":"9.22","browserURL":"https://www.gstatic.com/firebasejs/live/9.22/firebase.js","packageURL":"https://www.gstatic.com/firebasejs/live/9.22/firebase.tgz"},"components":{"analytics":"https://www.gstatic.com/firebasejs/9.22.0/firebase-analytics.js","app":"https://www.gstatic.com/firebasejs/9.22.0/firebase-app.js","app-check":"https://www.gstatic.com/firebasejs/9.22.0/firebase-app-check.js","auth":"https://www.gstatic.com/firebasejs/9.22.0/firebase-auth.js","auth/cordova":"https://www.gstatic.com/firebasejs/9.22.0/firebase-auth/cordova.js","auth/react-native":"https://www.gstatic.com/firebasejs/9.22.0/firebase-auth/react-native.js","functions":"https://www.gstatic.com/firebasejs/9.22.0/firebase-functions.js","firestore":"https://www.gstatic.com/firebasejs/9.22.0/firebase-firestore.js","firestore/lite":"https://www.gstatic.com/firebasejs/9.22.0/firebase-firestore/lite.js","installations":"https://www.gstatic.com/firebasejs/9.22.0/firebase-installations.js","storage":"https://www.gstatic.com/firebasejs/9.22.0/firebase-storage.js","performance":"https://www.gstatic.com/firebasejs/9.22.0/firebase-performance.js","remote-config":"https://www.gstatic.com/firebasejs/9.22.0/firebase-remote-config.js","messaging":"https://www.gstatic.com/firebasejs/9.22.0/firebase-messaging.js","messaging/sw":"https://www.gstatic.com/firebasejs/9.22.0/firebase-messaging/sw.js","database":"https://www.gstatic.com/firebasejs/9.22.0/firebase-database.js","firestore.memory":"https://www.gstatic.com/firebasejs/9.22.0/firebase-firestore.memory.js"}}
[info] i  Skipping write of public/index.html 
[info] 
[info] i  Detected a .git folder at /Users/robertkopricanec/Desktop/trzrtz 
[info] i  Authorizing with GitHub to upload your service account to a GitHub repository's secrets store. 
[info] 
[info] Visit this URL on this device to log in:
[info] https://github.com/login/oauth/authorize?client_id=89cf50f02ac6aaed3484&state=927366536&redirect_uri=http%3A%2F%2Flocalhost%3A9005&scope=read%3Auser%20repo%20public_repo
[info] 
[info] Waiting for authentication...
[debug] [2023-05-19T12:14:08.336Z] >>> [apiv2][query] POST https://github.com/login/oauth/access_token [none]
[debug] [2023-05-19T12:14:08.337Z] >>> [apiv2][body] POST https://github.com/login/oauth/access_token [stream]
[debug] [2023-05-19T12:14:08.749Z] <<< [apiv2][status] POST https://github.com/login/oauth/access_token 200
[debug] [2023-05-19T12:14:08.750Z] <<< [apiv2][body] POST https://github.com/login/oauth/access_token {"access_token":"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","token_type":"bearer","scope":"read:user,repo"}
[debug] [2023-05-19T12:14:08.771Z] >>> [apiv2][query] GET https://api.github.com/user [none]
[debug] [2023-05-19T12:14:09.164Z] <<< [apiv2][status] GET https://api.github.com/user 200
[debug] [2023-05-19T12:14:09.166Z] <<< [apiv2][body] GET https://api.github.com/user {"login":"Vuledruid","id":123653565,"node_id":"U_kgDOB17NvQ","avatar_url":"https://avatars.githubusercontent.com/u/123653565?v=4","gravatar_id":"","url":"https://api.github.com/users/Vuledruid","html_url":"https://github.com/Vuledruid","followers_url":"https://api.github.com/users/Vuledruid/followers","following_url":"https://api.github.com/users/Vuledruid/following{/other_user}","gists_url":"https://api.github.com/users/Vuledruid/gists{/gist_id}","starred_url":"https://api.github.com/users/Vuledruid/starred{/owner}{/repo}","subscriptions_url":"https://api.github.com/users/Vuledruid/subscriptions","organizations_url":"https://api.github.com/users/Vuledruid/orgs","repos_url":"https://api.github.com/users/Vuledruid/repos","events_url":"https://api.github.com/users/Vuledruid/events{/privacy}","received_events_url":"https://api.github.com/users/Vuledruid/received_events","type":"User","site_admin":false,"name":"Robert ","company":null,"blog":"","location":null,"email":null,"hireable":null,"bio":"-My name is Robert.\r\n-Professional specialist of economics.\r\n-From Croatia.\r\n-Trying to become Front end developer.","twitter_username":null,"public_repos":5,"public_gists":0,"followers":3,"following":0,"created_at":"2023-01-26T15:29:13Z","updated_at":"2023-05-03T10:09:23Z","private_gists":0,"total_private_repos":1,"owned_private_repos":1,"disk_usage":7038,"collaborators":0,"two_factor_authentication":false,"plan":{"name":"free","space":976562499,"collaborators":0,"private_repos":10000}}
[info] 
[info] ✔  Success! Logged into GitHub as Vuledruid 
[info] 
